<?xml version="1.0" encoding="UTF-8"?>
<testng-results skipped="0" failed="0" ignored="0" total="1" passed="1">
  <reporter-output>
  </reporter-output>
  <suite name="Default suite" duration-ms="27651" started-at="2018-02-26T14:42:55Z" finished-at="2018-02-26T14:43:23Z">
    <groups>
    </groups>
    <test name="Default test" duration-ms="27651" started-at="2018-02-26T14:42:55Z" finished-at="2018-02-26T14:43:23Z">
      <class name="com.samapti.learning.seleniumtest.AlertTest">
        <test-method status="PASS" signature="beforeMethod()[pri:0, instance:com.samapti.learning.seleniumtest.AlertTest@5e5792a0]" name="beforeMethod" is-config="true" duration-ms="8809" started-at="2018-02-26T14:42:55Z" finished-at="2018-02-26T14:43:04Z">
          <reporter-output>
          </reporter-output>
        </test-method> <!-- beforeMethod -->
        <test-method status="PASS" signature="validateGogle()[pri:0, instance:com.samapti.learning.seleniumtest.AlertTest@5e5792a0]" name="validateGogle" duration-ms="17923" started-at="2018-02-26T14:43:04Z" finished-at="2018-02-26T14:43:22Z">
          <reporter-output>
          </reporter-output>
        </test-method> <!-- validateGogle -->
        <test-method status="PASS" signature="afterMethod()[pri:0, instance:com.samapti.learning.seleniumtest.AlertTest@5e5792a0]" name="afterMethod" is-config="true" duration-ms="795" started-at="2018-02-26T14:43:22Z" finished-at="2018-02-26T14:43:23Z">
          <reporter-output>
          </reporter-output>
        </test-method> <!-- afterMethod -->
      </class> <!-- com.samapti.learning.seleniumtest.AlertTest -->
    </test> <!-- Default test -->
  </suite> <!-- Default suite -->
</testng-results>
